[0.677s] Invoking command in '/home/hsh/Workspace/ros_ws/build/urdf_tutorial': PYTHONPATH=/home/hsh/Workspace/ros_ws/build/urdf_tutorial/prefix_override:/usr/lib/python3/dist-packages/colcon_core/task/python/colcon_distutils_commands:/home/hsh/Workspace/ros_ws/install/urdf_tutorial/lib/python3.8/site-packages:${PYTHONPATH} /usr/bin/python3 -W ignore:setup.py install is deprecated setup.py develop --editable --build-directory /home/hsh/Workspace/ros_ws/build/urdf_tutorial/build --no-deps symlink_data
[0.847s] running develop
[0.950s] running egg_info
[0.950s] creating urdf_tutorial.egg-info
[0.950s] writing urdf_tutorial.egg-info/PKG-INFO
[0.950s] writing dependency_links to urdf_tutorial.egg-info/dependency_links.txt
[0.950s] writing entry points to urdf_tutorial.egg-info/entry_points.txt
[0.950s] writing requirements to urdf_tutorial.egg-info/requires.txt
[0.950s] writing top-level names to urdf_tutorial.egg-info/top_level.txt
[0.952s] writing manifest file 'urdf_tutorial.egg-info/SOURCES.txt'
[0.976s] reading manifest file 'urdf_tutorial.egg-info/SOURCES.txt'
[0.976s] writing manifest file 'urdf_tutorial.egg-info/SOURCES.txt'
[1.002s] running build_ext
[1.003s] Creating /home/hsh/Workspace/ros_ws/install/urdf_tutorial/lib/python3.8/site-packages/site.py
[1.004s] Creating /home/hsh/Workspace/ros_ws/install/urdf_tutorial/lib/python3.8/site-packages/urdf-tutorial.egg-link (link to .)
[1.005s] 
[1.005s] Installed /home/hsh/Workspace/ros_ws/build/urdf_tutorial
[1.005s] running symlink_data
[1.005s] creating /home/hsh/Workspace/ros_ws/install/urdf_tutorial/share/ament_index
[1.005s] creating /home/hsh/Workspace/ros_ws/install/urdf_tutorial/share/ament_index/resource_index
[1.005s] creating /home/hsh/Workspace/ros_ws/install/urdf_tutorial/share/ament_index/resource_index/packages
[1.005s] symbolically linking /home/hsh/Workspace/ros_ws/build/urdf_tutorial/resource/urdf_tutorial -> /home/hsh/Workspace/ros_ws/install/urdf_tutorial/share/ament_index/resource_index/packages
[1.005s] symbolically linking /home/hsh/Workspace/ros_ws/build/urdf_tutorial/package.xml -> /home/hsh/Workspace/ros_ws/install/urdf_tutorial/share/urdf_tutorial
[1.005s] creating /home/hsh/Workspace/ros_ws/install/urdf_tutorial/share/urdf_tutorial/launch
[1.005s] symbolically linking /home/hsh/Workspace/ros_ws/build/urdf_tutorial/launch/robot_1.launch.py -> /home/hsh/Workspace/ros_ws/install/urdf_tutorial/share/urdf_tutorial/launch
[1.005s] creating /home/hsh/Workspace/ros_ws/install/urdf_tutorial/share/urdf_tutorial/urdf
[1.006s] symbolically linking /home/hsh/Workspace/ros_ws/build/urdf_tutorial/urdf/robot_1.xacro -> /home/hsh/Workspace/ros_ws/install/urdf_tutorial/share/urdf_tutorial/urdf
[1.025s] Invoked command in '/home/hsh/Workspace/ros_ws/build/urdf_tutorial' returned '0': PYTHONPATH=/home/hsh/Workspace/ros_ws/build/urdf_tutorial/prefix_override:/usr/lib/python3/dist-packages/colcon_core/task/python/colcon_distutils_commands:/home/hsh/Workspace/ros_ws/install/urdf_tutorial/lib/python3.8/site-packages:${PYTHONPATH} /usr/bin/python3 -W ignore:setup.py install is deprecated setup.py develop --editable --build-directory /home/hsh/Workspace/ros_ws/build/urdf_tutorial/build --no-deps symlink_data
