running develop
running egg_info
creating ros_tutorial.egg-info
writing ros_tutorial.egg-info/PKG-INFO
writing dependency_links to ros_tutorial.egg-info/dependency_links.txt
writing entry points to ros_tutorial.egg-info/entry_points.txt
writing requirements to ros_tutorial.egg-info/requires.txt
writing top-level names to ros_tutorial.egg-info/top_level.txt
writing manifest file 'ros_tutorial.egg-info/SOURCES.txt'
reading manifest file 'ros_tutorial.egg-info/SOURCES.txt'
writing manifest file 'ros_tutorial.egg-info/SOURCES.txt'
running build_ext
Creating /home/hsh/Workspace/ros_ws/install/ros_tutorial/lib/python3.8/site-packages/site.py
Creating /home/hsh/Workspace/ros_ws/install/ros_tutorial/lib/python3.8/site-packages/ros-tutorial.egg-link (link to .)

Installed /home/hsh/Workspace/ros_ws/build/ros_tutorial
running symlink_data
creating /home/hsh/Workspace/ros_ws/install/ros_tutorial/share/ament_index
creating /home/hsh/Workspace/ros_ws/install/ros_tutorial/share/ament_index/resource_index
creating /home/hsh/Workspace/ros_ws/install/ros_tutorial/share/ament_index/resource_index/packages
symbolically linking /home/hsh/Workspace/ros_ws/build/ros_tutorial/resource/ros_tutorial -> /home/hsh/Workspace/ros_ws/install/ros_tutorial/share/ament_index/resource_index/packages
symbolically linking /home/hsh/Workspace/ros_ws/build/ros_tutorial/package.xml -> /home/hsh/Workspace/ros_ws/install/ros_tutorial/share/ros_tutorial
creating /home/hsh/Workspace/ros_ws/install/ros_tutorial/share/ros_tutorial/launch
symbolically linking /home/hsh/Workspace/ros_ws/build/ros_tutorial/launch/turtlesim.launch.py -> /home/hsh/Workspace/ros_ws/install/ros_tutorial/share/ros_tutorial/launch
