[0.458s] Invoking command in '/home/hsh/Workspace/ros_ws/build/ros_tutorial': PYTHONPATH=/home/hsh/Workspace/ros_ws/build/ros_tutorial/prefix_override:/usr/lib/python3/dist-packages/colcon_core/task/python/colcon_distutils_commands:/home/hsh/Workspace/ros_ws/install/ros_tutorial/lib/python3.8/site-packages:${PYTHONPATH} /usr/bin/python3 -W ignore:setup.py install is deprecated setup.py develop --editable --build-directory /home/hsh/Workspace/ros_ws/build/ros_tutorial/build --no-deps symlink_data
[0.623s] running develop
[0.716s] running egg_info
[0.717s] creating ros_tutorial.egg-info
[0.717s] writing ros_tutorial.egg-info/PKG-INFO
[0.717s] writing dependency_links to ros_tutorial.egg-info/dependency_links.txt
[0.717s] writing entry points to ros_tutorial.egg-info/entry_points.txt
[0.717s] writing requirements to ros_tutorial.egg-info/requires.txt
[0.717s] writing top-level names to ros_tutorial.egg-info/top_level.txt
[0.718s] writing manifest file 'ros_tutorial.egg-info/SOURCES.txt'
[0.740s] reading manifest file 'ros_tutorial.egg-info/SOURCES.txt'
[0.741s] writing manifest file 'ros_tutorial.egg-info/SOURCES.txt'
[0.764s] running build_ext
[0.764s] Creating /home/hsh/Workspace/ros_ws/install/ros_tutorial/lib/python3.8/site-packages/site.py
[0.766s] Creating /home/hsh/Workspace/ros_ws/install/ros_tutorial/lib/python3.8/site-packages/ros-tutorial.egg-link (link to .)
[0.766s] 
[0.766s] Installed /home/hsh/Workspace/ros_ws/build/ros_tutorial
[0.767s] running symlink_data
[0.767s] creating /home/hsh/Workspace/ros_ws/install/ros_tutorial/share/ament_index
[0.767s] creating /home/hsh/Workspace/ros_ws/install/ros_tutorial/share/ament_index/resource_index
[0.767s] creating /home/hsh/Workspace/ros_ws/install/ros_tutorial/share/ament_index/resource_index/packages
[0.767s] symbolically linking /home/hsh/Workspace/ros_ws/build/ros_tutorial/resource/ros_tutorial -> /home/hsh/Workspace/ros_ws/install/ros_tutorial/share/ament_index/resource_index/packages
[0.767s] symbolically linking /home/hsh/Workspace/ros_ws/build/ros_tutorial/package.xml -> /home/hsh/Workspace/ros_ws/install/ros_tutorial/share/ros_tutorial
[0.767s] creating /home/hsh/Workspace/ros_ws/install/ros_tutorial/share/ros_tutorial/launch
[0.767s] symbolically linking /home/hsh/Workspace/ros_ws/build/ros_tutorial/launch/turtlesim.launch.py -> /home/hsh/Workspace/ros_ws/install/ros_tutorial/share/ros_tutorial/launch
[0.783s] Invoked command in '/home/hsh/Workspace/ros_ws/build/ros_tutorial' returned '0': PYTHONPATH=/home/hsh/Workspace/ros_ws/build/ros_tutorial/prefix_override:/usr/lib/python3/dist-packages/colcon_core/task/python/colcon_distutils_commands:/home/hsh/Workspace/ros_ws/install/ros_tutorial/lib/python3.8/site-packages:${PYTHONPATH} /usr/bin/python3 -W ignore:setup.py install is deprecated setup.py develop --editable --build-directory /home/hsh/Workspace/ros_ws/build/ros_tutorial/build --no-deps symlink_data
